# JRE version: OpenJDK Runtime Environment (11.0.11+9) (build 11.0.11+9-b60-7590822)
# Java VM: OpenJDK 64-Bit Server VM (11.0.11+9-b60-7590822, mixed mode, tiered, compressed oops, g1 gc, windows-amd64)
Heap:
 garbage-first heap   total 131072K, used 34428K [0x0000000080000000, 0x0000000100000000)
  region size 1024K, 7 young (7168K), 3 survivors (3072K)
 Metaspace       used 47739K, capacity 49075K, committed 49100K, reserved 1116160K
  class space    used 6107K, capacity 6582K, committed 6604K, reserved 1048576K
GC Heap History (20 events):
Event: 4.017 GC heap before
{Heap before GC invocations=2 (full 0):
 garbage-first heap   total 131072K, used 39059K [0x0000000080000000, 0x0000000100000000)
  region size 1024K, 31 young (31744K), 2 survivors (2048K)
 Metaspace       used 10841K, capacity 11073K, committed 11264K, reserved 1058816K
  class space    used 1131K, capacity 1207K, committed 1280K, reserved 1048576K
}
Event: 4.021 GC heap after
{Heap after GC invocations=3 (full 0):
 garbage-first heap   total 131072K, used 11338K [0x0000000080000000, 0x0000000100000000)
  region size 1024K, 4 young (4096K), 4 survivors (4096K)
 Metaspace       used 10841K, capacity 11073K, committed 11264K, reserved 1058816K
  class space    used 1131K, capacity 1207K, committed 1280K, reserved 1048576K
}
Event: 6.849 GC heap before
{Heap before GC invocations=3 (full 0):
 garbage-first heap   total 131072K, used 55370K [0x0000000080000000, 0x0000000100000000)
  region size 1024K, 47 young (48128K), 4 survivors (4096K)
 Metaspace       used 17943K, capacity 18347K, committed 18432K, reserved 1064960K
  class space    used 2136K, capacity 2251K, committed 2304K, reserved 1048576K
}
Event: 6.860 GC heap after
{Heap after GC invocations=4 (full 0):
 garbage-first heap   total 131072K, used 16075K [0x0000000080000000, 0x0000000100000000)
  region size 1024K, 6 young (6144K), 6 survivors (6144K)
 Metaspace       used 17943K, capacity 18347K, committed 18432K, reserved 1064960K
  class space    used 2136K, capacity 2251K, committed 2304K, reserved 1048576K
}
Event: 7.484 GC heap before
{Heap before GC invocations=4 (full 0):
 garbage-first heap   total 131072K, used 37579K [0x0000000080000000, 0x0000000100000000)
  region size 1024K, 29 young (29696K), 6 survivors (6144K)
 Metaspace       used 20711K, capacity 21079K, committed 21248K, reserved 1067008K
  class space    used 2540K, capacity 2693K, committed 2816K, reserved 1048576K
}
Event: 7.495 GC heap after
{Heap after GC invocations=5 (full 0):
 garbage-first heap   total 131072K, used 17087K [0x0000000080000000, 0x0000000100000000)
  region size 1024K, 1 young (1024K), 1 survivors (1024K)
 Metaspace       used 20711K, capacity 21079K, committed 21248K, reserved 1067008K
  class space    used 2540K, capacity 2693K, committed 2816K, reserved 1048576K
}
Event: 10.620 GC heap before
{Heap before GC invocations=6 (full 0):
 garbage-first heap   total 131072K, used 66239K [0x0000000080000000, 0x0000000100000000)
  region size 1024K, 49 young (50176K), 1 survivors (1024K)
 Metaspace       used 25881K, capacity 26442K, committed 26752K, reserved 1073152K
  class space    used 3376K, capacity 3615K, committed 3712K, reserved 1048576K
}
Event: 10.633 GC heap after
{Heap after GC invocations=7 (full 0):
 garbage-first heap   total 131072K, used 18812K [0x0000000080000000, 0x0000000100000000)
  region size 1024K, 3 young (3072K), 3 survivors (3072K)
 Metaspace       used 25881K, capacity 26442K, committed 26752K, reserved 1073152K
  class space    used 3376K, capacity 3615K, committed 3712K, reserved 1048576K
}
Event: 12.956 GC heap before
{Heap before GC invocations=7 (full 0):
 garbage-first heap   total 131072K, used 73084K [0x0000000080000000, 0x0000000100000000)
  region size 1024K, 56 young (57344K), 3 survivors (3072K)
 Metaspace       used 32008K, capacity 32698K, committed 33024K, reserved 1077248K
  class space    used 4236K, capacity 4534K, committed 4608K, reserved 1048576K
}
Event: 12.968 GC heap after
{Heap after GC invocations=8 (full 0):
 garbage-first heap   total 131072K, used 21175K [0x0000000080000000, 0x0000000100000000)
  region size 1024K, 5 young (5120K), 5 survivors (5120K)
 Metaspace       used 32008K, capacity 32698K, committed 33024K, reserved 1077248K
  class space    used 4236K, capacity 4534K, committed 4608K, reserved 1048576K
}
Event: 13.611 GC heap before
{Heap before GC invocations=8 (full 0):
 garbage-first heap   total 131072K, used 28343K [0x0000000080000000, 0x0000000100000000)
  region size 1024K, 13 young (13312K), 5 survivors (5120K)
 Metaspace       used 35052K, capacity 35790K, committed 35840K, reserved 1081344K
  class space    used 4549K, capacity 4863K, committed 4864K, reserved 1048576K
}
Event: 13.623 GC heap after
{Heap after GC invocations=9 (full 0):
 garbage-first heap   total 131072K, used 22663K [0x0000000080000000, 0x0000000100000000)
  region size 1024K, 4 young (4096K), 4 survivors (4096K)
 Metaspace       used 35052K, capacity 35790K, committed 35840K, reserved 1081344K
  class space    used 4549K, capacity 4863K, committed 4864K, reserved 1048576K
}
Event: 16.127 GC heap before
{Heap before GC invocations=10 (full 0):
 garbage-first heap   total 131072K, used 71815K [0x0000000080000000, 0x0000000100000000)
  region size 1024K, 50 young (51200K), 4 survivors (4096K)
 Metaspace       used 38785K, capacity 39774K, committed 39884K, reserved 1083392K
  class space    used 4945K, capacity 5313K, committed 5324K, reserved 1048576K
}
Event: 16.143 GC heap after
{Heap after GC invocations=11 (full 0):
 garbage-first heap   total 131072K, used 26385K [0x0000000080000000, 0x0000000100000000)
  region size 1024K, 7 young (7168K), 7 survivors (7168K)
 Metaspace       used 38785K, capacity 39774K, committed 39884K, reserved 1083392K
  class space    used 4945K, capacity 5313K, committed 5324K, reserved 1048576K
}
Event: 19.267 GC heap before
{Heap before GC invocations=11 (full 0):
 garbage-first heap   total 131072K, used 76561K [0x0000000080000000, 0x0000000100000000)
  region size 1024K, 55 young (56320K), 7 survivors (7168K)
 Metaspace       used 43258K, capacity 44320K, committed 44620K, reserved 1087488K
  class space    used 5489K, capacity 5860K, committed 5964K, reserved 1048576K
}
Event: 19.280 GC heap after
{Heap after GC invocations=12 (full 0):
 garbage-first heap   total 131072K, used 28963K [0x0000000080000000, 0x0000000100000000)
  region size 1024K, 6 young (6144K), 6 survivors (6144K)
 Metaspace       used 43258K, capacity 44320K, committed 44620K, reserved 1087488K
  class space    used 5489K, capacity 5860K, committed 5964K, reserved 1048576K
}
Event: 22.195 GC heap before
{Heap before GC invocations=12 (full 0):
 garbage-first heap   total 131072K, used 80163K [0x0000000080000000, 0x0000000100000000)
  region size 1024K, 56 young (57344K), 6 survivors (6144K)
 Metaspace       used 46895K, capacity 48134K, committed 48332K, reserved 1091584K
  class space    used 6031K, capacity 6470K, committed 6604K, reserved 1048576K
}
Event: 22.206 GC heap after
{Heap after GC invocations=13 (full 0):
 garbage-first heap   total 131072K, used 31233K [0x0000000080000000, 0x0000000100000000)
  region size 1024K, 5 young (5120K), 5 survivors (5120K)
 Metaspace       used 46895K, capacity 48134K, committed 48332K, reserved 1091584K
  class space    used 6031K, capacity 6470K, committed 6604K, reserved 1048576K
}
Event: 23.519 GC heap before
{Heap before GC invocations=13 (full 0):
 garbage-first heap   total 131072K, used 43521K [0x0000000080000000, 0x0000000100000000)
  region size 1024K, 18 young (18432K), 5 survivors (5120K)
 Metaspace       used 47565K, capacity 48771K, committed 48844K, reserved 1107968K
  class space    used 6078K, capacity 6531K, committed 6604K, reserved 1048576K
}
Event: 23.532 GC heap after
{Heap after GC invocations=14 (full 0):
 garbage-first heap   total 131072K, used 32380K [0x0000000080000000, 0x0000000100000000)
  region size 1024K, 3 young (3072K), 3 survivors (3072K)
 Metaspace       used 47565K, capacity 48771K, committed 48844K, reserved 1107968K
  class space    used 6078K, capacity 6531K, committed 6604K, reserved 1048576K
}

